<?xml version="1.0" encoding="UTF-8"?>
<!-- Generated by org.testng.reporters.JUnitXMLReporter -->
<testsuite ignored="0" hostname="karthik" failures="0" tests="3" name="alone2" time="32.67" errors="0" timestamp="2024-03-25T18:30:27 IST">
  <testcase classname="rahulshettyacademy.tests.alone2" name="alone2" time="10.984"/>
  <testcase classname="rahulshettyacademy.tests.alone2" name="alone2" time="10.498"/>
  <testcase classname="rahulshettyacademy.tests.alone2" name="OrderHistoryTest" time="1.136"/>
</testsuite> <!-- alone2 -->
