<?xml version="1.0" encoding="UTF-8"?>
<!-- Generated by org.testng.reporters.JUnitXMLReporter -->
<testsuite ignored="0" hostname="karthik" failures="1" tests="3" name="Error Validation Tests" time="25.071" errors="0" timestamp="2024-03-25T18:30:19 IST">
  <testcase classname="rahulshettyacademy.tests.ErrorValidations" name="LoginErrorValidations" time="1.087">
    <skipped/>
  </testcase> <!-- LoginErrorValidations -->
  <testcase classname="rahulshettyacademy.tests.ErrorValidations" name="LoginErrorValidations" time="1.42">
    <failure type="java.lang.AssertionError" message="expected [Incorrect email or password.] but found [Incorrect email password.]">
      <![CDATA[java.lang.AssertionError: expected [Incorrect email or password.] but found [Incorrect email password.]
at rahulshettyacademy.tests.ErrorValidations.LoginErrorValidations(ErrorValidations.java:25)
at java.base/java.util.ArrayList.forEach(ArrayList.java:1511)
at java.base/java.util.concurrent.FutureTask.run(FutureTask.java:264)
at java.base/java.util.concurrent.ThreadPoolExecutor.runWorker(ThreadPoolExecutor.java:1136)
at java.base/java.util.concurrent.ThreadPoolExecutor$Worker.run(ThreadPoolExecutor.java:635)
at java.base/java.lang.Thread.run(Thread.java:840)
... Removed 24 stack frames]]>
    </failure>
  </testcase> <!-- LoginErrorValidations -->
  <testcase classname="rahulshettyacademy.tests.ErrorValidations" name="ProductErrorValidation" time="9.174"/>
</testsuite> <!-- Error Validation Tests -->
