<?xml version="1.0" encoding="UTF-8"?>
<!-- Generated by org.testng.reporters.JUnitXMLReporter -->
<testsuite ignored="0" hostname="karthik" failures="0" tests="3" name="Submit order Test" time="27.801" errors="0" timestamp="2024-03-25T17:40:58 IST">
  <testcase classname="rahulshettyacademy.tests.alone2" name="alone2" time="10.261"/>
  <testcase classname="rahulshettyacademy.tests.alone2" name="alone2" time="4.079"/>
  <testcase classname="rahulshettyacademy.tests.alone2" name="OrderHistoryTest" time="1.138"/>
</testsuite> <!-- Submit order Test -->
