<?xml version="1.0" encoding="UTF-8"?>
<!-- Generated by org.testng.reporters.JUnitXMLReporter -->
<testsuite ignored="0" hostname="karthik" failures="0" tests="3" name="alone2" time="35.653" errors="0" timestamp="2024-03-27T14:10:56 IST">
  <testcase classname="rahulshettyacademy.tests.alone2" name="alone2" time="10.756"/>
  <testcase classname="rahulshettyacademy.tests.alone2" name="alone2" time="10.268"/>
  <testcase classname="rahulshettyacademy.tests.alone2" name="OrderHistoryTest" time="1.158"/>
</testsuite> <!-- alone2 -->
