<?xml version="1.0" encoding="UTF-8"?>
<!-- Generated by org.testng.reporters.JUnitXMLReporter -->
<testsuite ignored="0" hostname="karthik" failures="0" tests="2" name="Error Validation Tests" time="18.282" errors="0" timestamp="2024-03-27T14:10:39 IST">
  <testcase classname="rahulshettyacademy.tests.ErrorValidations" name="LoginErrorValidations" time="0.916"/>
  <testcase classname="rahulshettyacademy.tests.ErrorValidations" name="ProductErrorValidation" time="9.211"/>
</testsuite> <!-- Error Validation Tests -->
